#-----------------------------------------------------------
# Vivado v2020.1 (64-bit)
# SW Build 2902540 on Wed May 27 19:54:49 MDT 2020
# IP Build 2902112 on Wed May 27 22:43:36 MDT 2020
# Start of session at: Tue Aug 16 20:27:38 2022
# Process ID: 7980
# Current directory: E:/Xilinx/top/top
# Command line: vivado.exe -gui_launcher_event rodinguilauncherevent17248 E:\Xilinx\top\top\top.xpr
# Log file: E:/Xilinx/top/top/vivado.log
# Journal file: E:/Xilinx/top/top\vivado.jou
#-----------------------------------------------------------
start_gui
open_project E:/Xilinx/top/top/top.xpr
Scanning sources...
Finished scanning sources
WARNING: [filemgmt 56-3] IPUserFilesDir: Could not find the directory 'E:/Xilinx/top/top/top.ip_user_files'.
INFO: [IP_Flow 19-234] Refreshing IP repositories
INFO: [IP_Flow 19-1704] No user IP repositories specified
INFO: [IP_Flow 19-2313] Loaded Vivado IP repository 'E:/Xilinx/Vivado/2020.1/data/ip'.
open_project: Time (s): cpu = 00:00:17 ; elapsed = 00:00:07 . Memory (MB): peak = 1022.359 ; gain = 0.000
update_compile_order -fileset sources_1
